<?xml version="1.0" encoding="UTF-8"?>
<!-- Generated by org.testng.reporters.JUnitXMLReporter -->
<testsuite ignored="39" hostname="INISKDQA4" failures="0" tests="153" name="Test" time="2.802" errors="0" timestamp="2024-06-14T14:01:20 IST">
  <testcase classname="testcases.MyProjects" name="@BeforeClass setup" time="1.594">
    <failure type="io.github.bonigarcia.wdm.config.WebDriverManagerException" message="java.lang.NumberFormatException: For input string: &amp;quot;public&amp;quot;">
      <![CDATA[io.github.bonigarcia.wdm.config.WebDriverManagerException: java.lang.NumberFormatException: For input string: "public"
at io.github.bonigarcia.wdm.WebDriverManager.handleException(WebDriverManager.java:1435)
at io.github.bonigarcia.wdm.WebDriverManager.manage(WebDriverManager.java:1195)
at io.github.bonigarcia.wdm.WebDriverManager.fallback(WebDriverManager.java:1451)
at io.github.bonigarcia.wdm.WebDriverManager.handleException(WebDriverManager.java:1432)
at io.github.bonigarcia.wdm.WebDriverManager.manage(WebDriverManager.java:1195)
at io.github.bonigarcia.wdm.WebDriverManager.handleException(WebDriverManager.java:1425)
at io.github.bonigarcia.wdm.WebDriverManager.manage(WebDriverManager.java:1195)
at io.github.bonigarcia.wdm.WebDriverManager.setup(WebDriverManager.java:427)
at testcases.MyProjects.setup(MyProjects.java:20)
at java.base/java.util.concurrent.ThreadPoolExecutor.runWorker(ThreadPoolExecutor.java:1144)
at java.base/java.util.concurrent.ThreadPoolExecutor$Worker.run(ThreadPoolExecutor.java:642)
at java.base/java.lang.Thread.run(Thread.java:1623)
Caused by: java.lang.NumberFormatException: For input string: "public"
at java.base/java.lang.NumberFormatException.forInputString(NumberFormatException.java:67)
at java.base/java.lang.Integer.parseInt(Integer.java:665)
at java.base/java.lang.Integer.parseInt(Integer.java:781)
at io.github.bonigarcia.wdm.managers.ChromeDriverManager.buildUrl(ChromeDriverManager.java:178)
at io.github.bonigarcia.wdm.managers.ChromeDriverManager.buildUrl(ChromeDriverManager.java:155)
at io.github.bonigarcia.wdm.WebDriverManager.download(WebDriverManager.java:1272)
at io.github.bonigarcia.wdm.WebDriverManager.manage(WebDriverManager.java:1189)
... 18 more
... Removed 8 stack frames]]>
    </failure>
  </testcase> <!-- @BeforeClass setup -->
  <testcase classname="testcases.Assigned" name="@BeforeClass setup" time="1.593">
    <failure type="io.github.bonigarcia.wdm.config.WebDriverManagerException" message="java.lang.NumberFormatException: For input string: &amp;quot;public&amp;quot;">
      <![CDATA[io.github.bonigarcia.wdm.config.WebDriverManagerException: java.lang.NumberFormatException: For input string: "public"
at io.github.bonigarcia.wdm.WebDriverManager.handleException(WebDriverManager.java:1435)
at io.github.bonigarcia.wdm.WebDriverManager.manage(WebDriverManager.java:1195)
at io.github.bonigarcia.wdm.WebDriverManager.fallback(WebDriverManager.java:1451)
at io.github.bonigarcia.wdm.WebDriverManager.handleException(WebDriverManager.java:1432)
at io.github.bonigarcia.wdm.WebDriverManager.manage(WebDriverManager.java:1195)
at io.github.bonigarcia.wdm.WebDriverManager.handleException(WebDriverManager.java:1425)
at io.github.bonigarcia.wdm.WebDriverManager.manage(WebDriverManager.java:1195)
at io.github.bonigarcia.wdm.WebDriverManager.setup(WebDriverManager.java:427)
at testcases.Assigned.setup(Assigned.java:22)
at java.base/java.util.concurrent.ThreadPoolExecutor.runWorker(ThreadPoolExecutor.java:1144)
at java.base/java.util.concurrent.ThreadPoolExecutor$Worker.run(ThreadPoolExecutor.java:642)
at java.base/java.lang.Thread.run(Thread.java:1623)
Caused by: java.lang.NumberFormatException: For input string: "public"
at java.base/java.lang.NumberFormatException.forInputString(NumberFormatException.java:67)
at java.base/java.lang.Integer.parseInt(Integer.java:665)
at java.base/java.lang.Integer.parseInt(Integer.java:781)
at io.github.bonigarcia.wdm.managers.ChromeDriverManager.buildUrl(ChromeDriverManager.java:178)
at io.github.bonigarcia.wdm.managers.ChromeDriverManager.buildUrl(ChromeDriverManager.java:155)
at io.github.bonigarcia.wdm.WebDriverManager.download(WebDriverManager.java:1272)
at io.github.bonigarcia.wdm.WebDriverManager.manage(WebDriverManager.java:1189)
... 18 more
... Removed 8 stack frames]]>
    </failure>
  </testcase> <!-- @BeforeClass setup -->
  <testcase classname="testcases.MyQueue" name="@BeforeClass setup" time="1.609">
    <failure type="io.github.bonigarcia.wdm.config.WebDriverManagerException" message="java.lang.NumberFormatException: For input string: &amp;quot;public&amp;quot;">
      <![CDATA[io.github.bonigarcia.wdm.config.WebDriverManagerException: java.lang.NumberFormatException: For input string: "public"
at io.github.bonigarcia.wdm.WebDriverManager.handleException(WebDriverManager.java:1435)
at io.github.bonigarcia.wdm.WebDriverManager.manage(WebDriverManager.java:1195)
at io.github.bonigarcia.wdm.WebDriverManager.fallback(WebDriverManager.java:1451)
at io.github.bonigarcia.wdm.WebDriverManager.handleException(WebDriverManager.java:1432)
at io.github.bonigarcia.wdm.WebDriverManager.manage(WebDriverManager.java:1195)
at io.github.bonigarcia.wdm.WebDriverManager.handleException(WebDriverManager.java:1425)
at io.github.bonigarcia.wdm.WebDriverManager.manage(WebDriverManager.java:1195)
at io.github.bonigarcia.wdm.WebDriverManager.setup(WebDriverManager.java:427)
at testcases.MyQueue.setup(MyQueue.java:21)
at java.base/java.util.concurrent.ThreadPoolExecutor.runWorker(ThreadPoolExecutor.java:1144)
at java.base/java.util.concurrent.ThreadPoolExecutor$Worker.run(ThreadPoolExecutor.java:642)
at java.base/java.lang.Thread.run(Thread.java:1623)
Caused by: java.lang.NumberFormatException: For input string: "public"
at java.base/java.lang.NumberFormatException.forInputString(NumberFormatException.java:67)
at java.base/java.lang.Integer.parseInt(Integer.java:665)
at java.base/java.lang.Integer.parseInt(Integer.java:781)
at io.github.bonigarcia.wdm.managers.ChromeDriverManager.buildUrl(ChromeDriverManager.java:178)
at io.github.bonigarcia.wdm.managers.ChromeDriverManager.buildUrl(ChromeDriverManager.java:155)
at io.github.bonigarcia.wdm.WebDriverManager.download(WebDriverManager.java:1272)
at io.github.bonigarcia.wdm.WebDriverManager.manage(WebDriverManager.java:1189)
... 18 more
... Removed 8 stack frames]]>
    </failure>
  </testcase> <!-- @BeforeClass setup -->
  <testcase classname="testcases.Pending_projects" name="@BeforeClass setup" time="1.614">
    <failure type="io.github.bonigarcia.wdm.config.WebDriverManagerException" message="java.lang.NumberFormatException: For input string: &amp;quot;public&amp;quot;">
      <![CDATA[io.github.bonigarcia.wdm.config.WebDriverManagerException: java.lang.NumberFormatException: For input string: "public"
at io.github.bonigarcia.wdm.WebDriverManager.handleException(WebDriverManager.java:1435)
at io.github.bonigarcia.wdm.WebDriverManager.manage(WebDriverManager.java:1195)
at io.github.bonigarcia.wdm.WebDriverManager.fallback(WebDriverManager.java:1451)
at io.github.bonigarcia.wdm.WebDriverManager.handleException(WebDriverManager.java:1432)
at io.github.bonigarcia.wdm.WebDriverManager.manage(WebDriverManager.java:1195)
at io.github.bonigarcia.wdm.WebDriverManager.handleException(WebDriverManager.java:1425)
at io.github.bonigarcia.wdm.WebDriverManager.manage(WebDriverManager.java:1195)
at io.github.bonigarcia.wdm.WebDriverManager.setup(WebDriverManager.java:427)
at testcases.Pending_projects.setup(Pending_projects.java:21)
at java.base/java.util.concurrent.ThreadPoolExecutor.runWorker(ThreadPoolExecutor.java:1144)
at java.base/java.util.concurrent.ThreadPoolExecutor$Worker.run(ThreadPoolExecutor.java:642)
at java.base/java.lang.Thread.run(Thread.java:1623)
Caused by: java.lang.NumberFormatException: For input string: "public"
at java.base/java.lang.NumberFormatException.forInputString(NumberFormatException.java:67)
at java.base/java.lang.Integer.parseInt(Integer.java:665)
at java.base/java.lang.Integer.parseInt(Integer.java:781)
at io.github.bonigarcia.wdm.managers.ChromeDriverManager.buildUrl(ChromeDriverManager.java:178)
at io.github.bonigarcia.wdm.managers.ChromeDriverManager.buildUrl(ChromeDriverManager.java:155)
at io.github.bonigarcia.wdm.WebDriverManager.download(WebDriverManager.java:1272)
at io.github.bonigarcia.wdm.WebDriverManager.manage(WebDriverManager.java:1189)
... 18 more
... Removed 8 stack frames]]>
    </failure>
  </testcase> <!-- @BeforeClass setup -->
  <testcase classname="testcases.Insurance_crosswak" name="@BeforeClass setup" time="1.644">
    <failure type="io.github.bonigarcia.wdm.config.WebDriverManagerException" message="java.lang.NumberFormatException: For input string: &amp;quot;public&amp;quot;">
      <![CDATA[io.github.bonigarcia.wdm.config.WebDriverManagerException: java.lang.NumberFormatException: For input string: "public"
at io.github.bonigarcia.wdm.WebDriverManager.handleException(WebDriverManager.java:1435)
at io.github.bonigarcia.wdm.WebDriverManager.manage(WebDriverManager.java:1195)
at io.github.bonigarcia.wdm.WebDriverManager.fallback(WebDriverManager.java:1451)
at io.github.bonigarcia.wdm.WebDriverManager.handleException(WebDriverManager.java:1432)
at io.github.bonigarcia.wdm.WebDriverManager.manage(WebDriverManager.java:1195)
at io.github.bonigarcia.wdm.WebDriverManager.handleException(WebDriverManager.java:1425)
at io.github.bonigarcia.wdm.WebDriverManager.manage(WebDriverManager.java:1195)
at io.github.bonigarcia.wdm.WebDriverManager.setup(WebDriverManager.java:427)
at testcases.Insurance_crosswak.setup(Insurance_crosswak.java:20)
at java.base/java.util.concurrent.ThreadPoolExecutor.runWorker(ThreadPoolExecutor.java:1144)
at java.base/java.util.concurrent.ThreadPoolExecutor$Worker.run(ThreadPoolExecutor.java:642)
at java.base/java.lang.Thread.run(Thread.java:1623)
Caused by: java.lang.NumberFormatException: For input string: "public"
at java.base/java.lang.NumberFormatException.forInputString(NumberFormatException.java:67)
at java.base/java.lang.Integer.parseInt(Integer.java:665)
at java.base/java.lang.Integer.parseInt(Integer.java:781)
at io.github.bonigarcia.wdm.managers.ChromeDriverManager.buildUrl(ChromeDriverManager.java:178)
at io.github.bonigarcia.wdm.managers.ChromeDriverManager.buildUrl(ChromeDriverManager.java:155)
at io.github.bonigarcia.wdm.WebDriverManager.download(WebDriverManager.java:1272)
at io.github.bonigarcia.wdm.WebDriverManager.manage(WebDriverManager.java:1189)
... 18 more
... Removed 8 stack frames]]>
    </failure>
  </testcase> <!-- @BeforeClass setup -->
  <testcase classname="testcases.ReleasedTask" name="@BeforeClass setup" time="1.688">
    <failure type="io.github.bonigarcia.wdm.config.WebDriverManagerException" message="java.lang.NumberFormatException: For input string: &amp;quot;public&amp;quot;">
      <![CDATA[io.github.bonigarcia.wdm.config.WebDriverManagerException: java.lang.NumberFormatException: For input string: "public"
at io.github.bonigarcia.wdm.WebDriverManager.handleException(WebDriverManager.java:1435)
at io.github.bonigarcia.wdm.WebDriverManager.manage(WebDriverManager.java:1195)
at io.github.bonigarcia.wdm.WebDriverManager.fallback(WebDriverManager.java:1451)
at io.github.bonigarcia.wdm.WebDriverManager.handleException(WebDriverManager.java:1432)
at io.github.bonigarcia.wdm.WebDriverManager.manage(WebDriverManager.java:1195)
at io.github.bonigarcia.wdm.WebDriverManager.handleException(WebDriverManager.java:1425)
at io.github.bonigarcia.wdm.WebDriverManager.manage(WebDriverManager.java:1195)
at io.github.bonigarcia.wdm.WebDriverManager.setup(WebDriverManager.java:427)
at testcases.ReleasedTask.setup(ReleasedTask.java:19)
at java.base/java.util.concurrent.ThreadPoolExecutor.runWorker(ThreadPoolExecutor.java:1144)
at java.base/java.util.concurrent.ThreadPoolExecutor$Worker.run(ThreadPoolExecutor.java:642)
at java.base/java.lang.Thread.run(Thread.java:1623)
Caused by: java.lang.NumberFormatException: For input string: "public"
at java.base/java.lang.NumberFormatException.forInputString(NumberFormatException.java:67)
at java.base/java.lang.Integer.parseInt(Integer.java:665)
at java.base/java.lang.Integer.parseInt(Integer.java:781)
at io.github.bonigarcia.wdm.managers.ChromeDriverManager.buildUrl(ChromeDriverManager.java:178)
at io.github.bonigarcia.wdm.managers.ChromeDriverManager.buildUrl(ChromeDriverManager.java:155)
at io.github.bonigarcia.wdm.WebDriverManager.download(WebDriverManager.java:1272)
at io.github.bonigarcia.wdm.WebDriverManager.manage(WebDriverManager.java:1189)
... 18 more
... Removed 8 stack frames]]>
    </failure>
  </testcase> <!-- @BeforeClass setup -->
  <testcase classname="testcases.In_Process" name="@BeforeClass setup" time="0.768">
    <failure type="io.github.bonigarcia.wdm.config.WebDriverManagerException" message="java.lang.NumberFormatException: For input string: &amp;quot;public&amp;quot;">
      <![CDATA[io.github.bonigarcia.wdm.config.WebDriverManagerException: java.lang.NumberFormatException: For input string: "public"
at io.github.bonigarcia.wdm.WebDriverManager.handleException(WebDriverManager.java:1435)
at io.github.bonigarcia.wdm.WebDriverManager.manage(WebDriverManager.java:1195)
at io.github.bonigarcia.wdm.WebDriverManager.fallback(WebDriverManager.java:1451)
at io.github.bonigarcia.wdm.WebDriverManager.handleException(WebDriverManager.java:1432)
at io.github.bonigarcia.wdm.WebDriverManager.manage(WebDriverManager.java:1195)
at io.github.bonigarcia.wdm.WebDriverManager.handleException(WebDriverManager.java:1425)
at io.github.bonigarcia.wdm.WebDriverManager.manage(WebDriverManager.java:1195)
at io.github.bonigarcia.wdm.WebDriverManager.setup(WebDriverManager.java:427)
at testcases.In_Process.setup(In_Process.java:22)
at java.base/java.util.concurrent.ThreadPoolExecutor.runWorker(ThreadPoolExecutor.java:1144)
at java.base/java.util.concurrent.ThreadPoolExecutor$Worker.run(ThreadPoolExecutor.java:642)
at java.base/java.lang.Thread.run(Thread.java:1623)
Caused by: java.lang.NumberFormatException: For input string: "public"
at java.base/java.lang.NumberFormatException.forInputString(NumberFormatException.java:67)
at java.base/java.lang.Integer.parseInt(Integer.java:665)
at java.base/java.lang.Integer.parseInt(Integer.java:781)
at io.github.bonigarcia.wdm.managers.ChromeDriverManager.buildUrl(ChromeDriverManager.java:178)
at io.github.bonigarcia.wdm.managers.ChromeDriverManager.buildUrl(ChromeDriverManager.java:155)
at io.github.bonigarcia.wdm.WebDriverManager.download(WebDriverManager.java:1272)
at io.github.bonigarcia.wdm.WebDriverManager.manage(WebDriverManager.java:1189)
... 18 more
... Removed 8 stack frames]]>
    </failure>
  </testcase> <!-- @BeforeClass setup -->
  <testcase classname="testcases.Task" name="@BeforeClass setup" time="0.778">
    <failure type="io.github.bonigarcia.wdm.config.WebDriverManagerException" message="java.lang.NumberFormatException: For input string: &amp;quot;public&amp;quot;">
      <![CDATA[io.github.bonigarcia.wdm.config.WebDriverManagerException: java.lang.NumberFormatException: For input string: "public"
at io.github.bonigarcia.wdm.WebDriverManager.handleException(WebDriverManager.java:1435)
at io.github.bonigarcia.wdm.WebDriverManager.manage(WebDriverManager.java:1195)
at io.github.bonigarcia.wdm.WebDriverManager.fallback(WebDriverManager.java:1451)
at io.github.bonigarcia.wdm.WebDriverManager.handleException(WebDriverManager.java:1432)
at io.github.bonigarcia.wdm.WebDriverManager.manage(WebDriverManager.java:1195)
at io.github.bonigarcia.wdm.WebDriverManager.handleException(WebDriverManager.java:1425)
at io.github.bonigarcia.wdm.WebDriverManager.manage(WebDriverManager.java:1195)
at io.github.bonigarcia.wdm.WebDriverManager.setup(WebDriverManager.java:427)
at testcases.Task.setup(Task.java:20)
at java.base/java.util.concurrent.ThreadPoolExecutor.runWorker(ThreadPoolExecutor.java:1144)
at java.base/java.util.concurrent.ThreadPoolExecutor$Worker.run(ThreadPoolExecutor.java:642)
at java.base/java.lang.Thread.run(Thread.java:1623)
Caused by: java.lang.NumberFormatException: For input string: "public"
at java.base/java.lang.NumberFormatException.forInputString(NumberFormatException.java:67)
at java.base/java.lang.Integer.parseInt(Integer.java:665)
at java.base/java.lang.Integer.parseInt(Integer.java:781)
at io.github.bonigarcia.wdm.managers.ChromeDriverManager.buildUrl(ChromeDriverManager.java:178)
at io.github.bonigarcia.wdm.managers.ChromeDriverManager.buildUrl(ChromeDriverManager.java:155)
at io.github.bonigarcia.wdm.WebDriverManager.download(WebDriverManager.java:1272)
at io.github.bonigarcia.wdm.WebDriverManager.manage(WebDriverManager.java:1189)
... 18 more
... Removed 8 stack frames]]>
    </failure>
  </testcase> <!-- @BeforeClass setup -->
  <testcase classname="testcases.Completed" name="@BeforeClass setup" time="0.859">
    <failure type="io.github.bonigarcia.wdm.config.WebDriverManagerException" message="java.lang.NumberFormatException: For input string: &amp;quot;public&amp;quot;">
      <![CDATA[io.github.bonigarcia.wdm.config.WebDriverManagerException: java.lang.NumberFormatException: For input string: "public"
at io.github.bonigarcia.wdm.WebDriverManager.handleException(WebDriverManager.java:1435)
at io.github.bonigarcia.wdm.WebDriverManager.manage(WebDriverManager.java:1195)
at io.github.bonigarcia.wdm.WebDriverManager.fallback(WebDriverManager.java:1451)
at io.github.bonigarcia.wdm.WebDriverManager.handleException(WebDriverManager.java:1432)
at io.github.bonigarcia.wdm.WebDriverManager.manage(WebDriverManager.java:1195)
at io.github.bonigarcia.wdm.WebDriverManager.handleException(WebDriverManager.java:1425)
at io.github.bonigarcia.wdm.WebDriverManager.manage(WebDriverManager.java:1195)
at io.github.bonigarcia.wdm.WebDriverManager.setup(WebDriverManager.java:427)
at testcases.Completed.setup(Completed.java:20)
at java.base/java.util.concurrent.ThreadPoolExecutor.runWorker(ThreadPoolExecutor.java:1144)
at java.base/java.util.concurrent.ThreadPoolExecutor$Worker.run(ThreadPoolExecutor.java:642)
at java.base/java.lang.Thread.run(Thread.java:1623)
Caused by: java.lang.NumberFormatException: For input string: "public"
at java.base/java.lang.NumberFormatException.forInputString(NumberFormatException.java:67)
at java.base/java.lang.Integer.parseInt(Integer.java:665)
at java.base/java.lang.Integer.parseInt(Integer.java:781)
at io.github.bonigarcia.wdm.managers.ChromeDriverManager.buildUrl(ChromeDriverManager.java:178)
at io.github.bonigarcia.wdm.managers.ChromeDriverManager.buildUrl(ChromeDriverManager.java:155)
at io.github.bonigarcia.wdm.WebDriverManager.download(WebDriverManager.java:1272)
at io.github.bonigarcia.wdm.WebDriverManager.manage(WebDriverManager.java:1189)
... 18 more
... Removed 8 stack frames]]>
    </failure>
  </testcase> <!-- @BeforeClass setup -->
  <testcase classname="testcases.All_Projects" name="@BeforeClass setup" time="0.853">
    <failure type="io.github.bonigarcia.wdm.config.WebDriverManagerException" message="java.lang.NumberFormatException: For input string: &amp;quot;public&amp;quot;">
      <![CDATA[io.github.bonigarcia.wdm.config.WebDriverManagerException: java.lang.NumberFormatException: For input string: "public"
at io.github.bonigarcia.wdm.WebDriverManager.handleException(WebDriverManager.java:1435)
at io.github.bonigarcia.wdm.WebDriverManager.manage(WebDriverManager.java:1195)
at io.github.bonigarcia.wdm.WebDriverManager.fallback(WebDriverManager.java:1451)
at io.github.bonigarcia.wdm.WebDriverManager.handleException(WebDriverManager.java:1432)
at io.github.bonigarcia.wdm.WebDriverManager.manage(WebDriverManager.java:1195)
at io.github.bonigarcia.wdm.WebDriverManager.handleException(WebDriverManager.java:1425)
at io.github.bonigarcia.wdm.WebDriverManager.manage(WebDriverManager.java:1195)
at io.github.bonigarcia.wdm.WebDriverManager.setup(WebDriverManager.java:427)
at testcases.All_Projects.setup(All_Projects.java:21)
at java.base/java.util.concurrent.ThreadPoolExecutor.runWorker(ThreadPoolExecutor.java:1144)
at java.base/java.util.concurrent.ThreadPoolExecutor$Worker.run(ThreadPoolExecutor.java:642)
at java.base/java.lang.Thread.run(Thread.java:1623)
Caused by: java.lang.NumberFormatException: For input string: "public"
at java.base/java.lang.NumberFormatException.forInputString(NumberFormatException.java:67)
at java.base/java.lang.Integer.parseInt(Integer.java:665)
at java.base/java.lang.Integer.parseInt(Integer.java:781)
at io.github.bonigarcia.wdm.managers.ChromeDriverManager.buildUrl(ChromeDriverManager.java:178)
at io.github.bonigarcia.wdm.managers.ChromeDriverManager.buildUrl(ChromeDriverManager.java:155)
at io.github.bonigarcia.wdm.WebDriverManager.download(WebDriverManager.java:1272)
at io.github.bonigarcia.wdm.WebDriverManager.manage(WebDriverManager.java:1189)
... 18 more
... Removed 8 stack frames]]>
    </failure>
  </testcase> <!-- @BeforeClass setup -->
  <testcase classname="testcases.View_Task" name="@BeforeClass setup" time="0.874">
    <failure type="io.github.bonigarcia.wdm.config.WebDriverManagerException" message="java.lang.NumberFormatException: For input string: &amp;quot;public&amp;quot;">
      <![CDATA[io.github.bonigarcia.wdm.config.WebDriverManagerException: java.lang.NumberFormatException: For input string: "public"
at io.github.bonigarcia.wdm.WebDriverManager.handleException(WebDriverManager.java:1435)
at io.github.bonigarcia.wdm.WebDriverManager.manage(WebDriverManager.java:1195)
at io.github.bonigarcia.wdm.WebDriverManager.fallback(WebDriverManager.java:1451)
at io.github.bonigarcia.wdm.WebDriverManager.handleException(WebDriverManager.java:1432)
at io.github.bonigarcia.wdm.WebDriverManager.manage(WebDriverManager.java:1195)
at io.github.bonigarcia.wdm.WebDriverManager.handleException(WebDriverManager.java:1425)
at io.github.bonigarcia.wdm.WebDriverManager.manage(WebDriverManager.java:1195)
at io.github.bonigarcia.wdm.WebDriverManager.setup(WebDriverManager.java:427)
at testcases.View_Task.setup(View_Task.java:20)
at java.base/java.util.concurrent.ThreadPoolExecutor.runWorker(ThreadPoolExecutor.java:1144)
at java.base/java.util.concurrent.ThreadPoolExecutor$Worker.run(ThreadPoolExecutor.java:642)
at java.base/java.lang.Thread.run(Thread.java:1623)
Caused by: java.lang.NumberFormatException: For input string: "public"
at java.base/java.lang.NumberFormatException.forInputString(NumberFormatException.java:67)
at java.base/java.lang.Integer.parseInt(Integer.java:665)
at java.base/java.lang.Integer.parseInt(Integer.java:781)
at io.github.bonigarcia.wdm.managers.ChromeDriverManager.buildUrl(ChromeDriverManager.java:178)
at io.github.bonigarcia.wdm.managers.ChromeDriverManager.buildUrl(ChromeDriverManager.java:155)
at io.github.bonigarcia.wdm.WebDriverManager.download(WebDriverManager.java:1272)
at io.github.bonigarcia.wdm.WebDriverManager.manage(WebDriverManager.java:1189)
... 18 more
... Removed 8 stack frames]]>
    </failure>
  </testcase> <!-- @BeforeClass setup -->
  <testcase classname="testcases.login" name="@BeforeClass setup" time="0.931">
    <failure type="io.github.bonigarcia.wdm.config.WebDriverManagerException" message="java.lang.NumberFormatException: For input string: &amp;quot;public&amp;quot;">
      <![CDATA[io.github.bonigarcia.wdm.config.WebDriverManagerException: java.lang.NumberFormatException: For input string: "public"
at io.github.bonigarcia.wdm.WebDriverManager.handleException(WebDriverManager.java:1435)
at io.github.bonigarcia.wdm.WebDriverManager.manage(WebDriverManager.java:1195)
at io.github.bonigarcia.wdm.WebDriverManager.fallback(WebDriverManager.java:1451)
at io.github.bonigarcia.wdm.WebDriverManager.handleException(WebDriverManager.java:1432)
at io.github.bonigarcia.wdm.WebDriverManager.manage(WebDriverManager.java:1195)
at io.github.bonigarcia.wdm.WebDriverManager.handleException(WebDriverManager.java:1425)
at io.github.bonigarcia.wdm.WebDriverManager.manage(WebDriverManager.java:1195)
at io.github.bonigarcia.wdm.WebDriverManager.setup(WebDriverManager.java:427)
at testcases.login.setup(login.java:23)
at java.base/java.util.concurrent.ThreadPoolExecutor.runWorker(ThreadPoolExecutor.java:1144)
at java.base/java.util.concurrent.ThreadPoolExecutor$Worker.run(ThreadPoolExecutor.java:642)
at java.base/java.lang.Thread.run(Thread.java:1623)
Caused by: java.lang.NumberFormatException: For input string: "public"
at java.base/java.lang.NumberFormatException.forInputString(NumberFormatException.java:67)
at java.base/java.lang.Integer.parseInt(Integer.java:665)
at java.base/java.lang.Integer.parseInt(Integer.java:781)
at io.github.bonigarcia.wdm.managers.ChromeDriverManager.buildUrl(ChromeDriverManager.java:178)
at io.github.bonigarcia.wdm.managers.ChromeDriverManager.buildUrl(ChromeDriverManager.java:155)
at io.github.bonigarcia.wdm.WebDriverManager.download(WebDriverManager.java:1272)
at io.github.bonigarcia.wdm.WebDriverManager.manage(WebDriverManager.java:1189)
... 18 more
... Removed 8 stack frames]]>
    </failure>
  </testcase> <!-- @BeforeClass setup -->
  <testcase classname="testcases.Insurance_crosswak" name="@AfterClass teardown" time="0.0">
    <skipped/>
  </testcase> <!-- @AfterClass teardown -->
  <testcase classname="testcases.ReleasedTask" name="@AfterClass teardown" time="0.0">
    <skipped/>
  </testcase> <!-- @AfterClass teardown -->
  <testcase classname="testcases.MyProjects" name="@AfterClass teardown" time="0.0">
    <skipped/>
  </testcase> <!-- @AfterClass teardown -->
  <testcase classname="testcases.Assigned" name="@AfterClass teardown" time="0.0">
    <skipped/>
  </testcase> <!-- @AfterClass teardown -->
  <testcase classname="testcases.Pending_projects" name="@AfterClass teardown" time="0.0">
    <skipped/>
  </testcase> <!-- @AfterClass teardown -->
  <testcase classname="testcases.Task" name="@AfterClass teardown" time="0.0">
    <skipped/>
  </testcase> <!-- @AfterClass teardown -->
  <testcase classname="testcases.All_Projects" name="@AfterClass teardown" time="0.0">
    <skipped/>
  </testcase> <!-- @AfterClass teardown -->
  <testcase classname="testcases.In_Process" name="@AfterClass teardown" time="0.0">
    <skipped/>
  </testcase> <!-- @AfterClass teardown -->
  <testcase classname="testcases.Completed" name="@AfterClass teardown" time="0.0">
    <skipped/>
  </testcase> <!-- @AfterClass teardown -->
  <testcase classname="testcases.MyQueue" name="@AfterClass teardown" time="0.0">
    <skipped/>
  </testcase> <!-- @AfterClass teardown -->
  <testcase classname="testcases.View_Task" name="@AfterClass teardown" time="0.0">
    <skipped/>
  </testcase> <!-- @AfterClass teardown -->
  <testcase classname="testcases.login" name="@AfterClass teardown" time="0.0">
    <skipped/>
  </testcase> <!-- @AfterClass teardown -->
  <testcase classname="testcases.MyProjects" name="mylogin" time="0.0">
    <skipped/>
  </testcase> <!-- mylogin -->
  <testcase classname="testcases.MyQueue" name="mylogin" time="0.0">
    <skipped/>
  </testcase> <!-- mylogin -->
  <testcase classname="testcases.Assigned" name="mylogin" time="0.0">
    <skipped/>
  </testcase> <!-- mylogin -->
  <testcase classname="testcases.Insurance_crosswak" name="a_mylogin" time="0.0">
    <skipped/>
  </testcase> <!-- a_mylogin -->
  <testcase classname="testcases.Pending_projects" name="mylogin" time="0.0">
    <skipped/>
  </testcase> <!-- mylogin -->
  <testcase classname="testcases.ReleasedTask" name="mylogin" time="0.0">
    <skipped/>
  </testcase> <!-- mylogin -->
  <testcase classname="testcases.In_Process" name="mylogin" time="0.0">
    <skipped/>
  </testcase> <!-- mylogin -->
  <testcase classname="testcases.MyProjects" name="access" time="0.0">
    <skipped/>
  </testcase> <!-- access -->
  <testcase classname="testcases.MyQueue" name="access" time="0.0">
    <skipped/>
  </testcase> <!-- access -->
  <testcase classname="testcases.Assigned" name="access" time="0.0">
    <skipped/>
  </testcase> <!-- access -->
  <testcase classname="testcases.Task" name="mylogin" time="0.0">
    <skipped/>
  </testcase> <!-- mylogin -->
  <testcase classname="testcases.Pending_projects" name="access" time="0.0">
    <skipped/>
  </testcase> <!-- access -->
  <testcase classname="testcases.Task" name="access" time="0.0">
    <skipped/>
  </testcase> <!-- access -->
  <testcase classname="testcases.ReleasedTask" name="access" time="0.001">
    <skipped/>
  </testcase> <!-- access -->
  <testcase classname="testcases.In_Process" name="access" time="0.0">
    <skipped/>
  </testcase> <!-- access -->
  <testcase classname="testcases.Insurance_crosswak" name="b_access" time="0.0">
    <skipped/>
  </testcase> <!-- b_access -->
  <testcase classname="testcases.MyProjects" name="accessProjects" time="0.0">
    <skipped/>
  </testcase> <!-- accessProjects -->
  <testcase classname="testcases.MyQueue" name="accessProjects" time="0.0">
    <skipped/>
  </testcase> <!-- accessProjects -->
  <testcase classname="testcases.Pending_projects" name="accessProjects" time="0.0">
    <skipped/>
  </testcase> <!-- accessProjects -->
  <testcase classname="testcases.Insurance_crosswak" name="c_access_Ins_crosswalk" time="0.0">
    <skipped/>
  </testcase> <!-- c_access_Ins_crosswalk -->
  <testcase classname="testcases.ReleasedTask" name="accessTasks" time="0.0">
    <skipped/>
  </testcase> <!-- accessTasks -->
  <testcase classname="testcases.ReleasedTask" name="ComplTask" time="0.0">
    <skipped/>
  </testcase> <!-- ComplTask -->
  <testcase classname="testcases.Completed" name="mylogin" time="0.0">
    <skipped/>
  </testcase> <!-- mylogin -->
  <testcase classname="testcases.MyProjects" name="Bypatient" time="0.0">
    <skipped/>
  </testcase> <!-- Bypatient -->
  <testcase classname="testcases.All_Projects" name="mylogin" time="0.001">
    <skipped/>
  </testcase> <!-- mylogin -->
  <testcase classname="testcases.Completed" name="access_C" time="0.0">
    <skipped/>
  </testcase> <!-- access_C -->
  <testcase classname="testcases.View_Task" name="mylogin" time="0.0">
    <skipped/>
  </testcase> <!-- mylogin -->
  <testcase classname="testcases.MyQueue" name="Allprjtab_viewfilter" time="0.0">
    <skipped/>
  </testcase> <!-- Allprjtab_viewfilter -->
  <testcase classname="testcases.All_Projects" name="accessEv" time="0.0">
    <skipped/>
  </testcase> <!-- accessEv -->
  <testcase classname="testcases.Insurance_crosswak" name="d_Scrollbar_Ins_crosswalk" time="0.0">
    <skipped/>
  </testcase> <!-- d_Scrollbar_Ins_crosswalk -->
  <testcase classname="testcases.Pending_projects" name="pendingtabaccess" time="0.0">
    <skipped/>
  </testcase> <!-- pendingtabaccess -->
  <testcase classname="testcases.View_Task" name="access" time="0.0">
    <skipped/>
  </testcase> <!-- access -->
  <testcase classname="testcases.View_Task" name="Task_menu_access" time="0.0">
    <skipped/>
  </testcase> <!-- Task_menu_access -->
  <testcase classname="testcases.All_Projects" name="accessProjects" time="0.0">
    <skipped/>
  </testcase> <!-- accessProjects -->
  <testcase classname="testcases.MyProjects" name="Bypatient_Apptdetails" time="0.0">
    <skipped/>
  </testcase> <!-- Bypatient_Apptdetails -->
  <testcase classname="testcases.View_Task" name="ViewTask" time="0.0">
    <skipped/>
  </testcase> <!-- ViewTask -->
  <testcase classname="testcases.Pending_projects" name="Pending_Appdetails" time="0.0">
    <skipped/>
  </testcase> <!-- Pending_Appdetails -->
  <testcase classname="testcases.ReleasedTask" name="TaskComp_viewfilter" time="0.0">
    <skipped/>
  </testcase> <!-- TaskComp_viewfilter -->
  <testcase classname="testcases.All_Projects" name="Allprjtab_viewfilter" time="0.0">
    <skipped/>
  </testcase> <!-- Allprjtab_viewfilter -->
  <testcase classname="testcases.View_Task" name="Tasktab_viewfilter" time="0.0">
    <skipped/>
  </testcase> <!-- Tasktab_viewfilter -->
  <testcase classname="testcases.Assigned" name="accessProjects" time="0.0">
    <skipped/>
  </testcase> <!-- accessProjects -->
  <testcase classname="testcases.Task" name="accessProjects" time="0.0">
    <skipped/>
  </testcase> <!-- accessProjects -->
  <testcase classname="testcases.In_Process" name="accessProjects" time="0.0">
    <skipped/>
  </testcase> <!-- accessProjects -->
  <testcase classname="testcases.Assigned" name="Assignedtab" time="0.0">
    <skipped/>
  </testcase> <!-- Assignedtab -->
  <testcase classname="testcases.Completed" name="accessProjects_C" time="0.0">
    <skipped/>
  </testcase> <!-- accessProjects_C -->
  <testcase classname="testcases.login" name="mylogin" time="0.0">
    <skipped/>
  </testcase> <!-- mylogin -->
  <testcase classname="testcases.Completed" name="Completedtab" time="0.0">
    <skipped/>
  </testcase> <!-- Completedtab -->
  <testcase classname="testcases.In_Process" name="In_processtab" time="0.0">
    <skipped/>
  </testcase> <!-- In_processtab -->
  <testcase classname="testcases.Insurance_crosswak" name="e_Pagination_Ins_crosswalk" time="0.0">
    <skipped/>
  </testcase> <!-- e_Pagination_Ins_crosswalk -->
  <testcase classname="testcases.login" name="access" time="0.0">
    <skipped/>
  </testcase> <!-- access -->
  <testcase classname="testcases.login" name="dashboard" time="0.0">
    <skipped/>
  </testcase> <!-- dashboard -->
  <testcase classname="testcases.MyQueue" name="Prcaticefilter" time="0.001">
    <skipped/>
  </testcase> <!-- Prcaticefilter -->
  <testcase classname="testcases.login" name="scrollbardashboar" time="0.0">
    <skipped/>
  </testcase> <!-- scrollbardashboar -->
  <testcase classname="testcases.ReleasedTask" name="Prcaticefilter2" time="0.0">
    <skipped/>
  </testcase> <!-- Prcaticefilter2 -->
  <testcase classname="testcases.login" name="accessProjects" time="0.0">
    <skipped/>
  </testcase> <!-- accessProjects -->
  <testcase classname="testcases.Task" name="Task_menu_access" time="0.0">
    <skipped/>
  </testcase> <!-- Task_menu_access -->
  <testcase classname="testcases.MyProjects" name="assign_btn" time="0.0">
    <skipped/>
  </testcase> <!-- assign_btn -->
  <testcase classname="testcases.login" name="openviewfilter" time="0.0">
    <skipped/>
  </testcase> <!-- openviewfilter -->
  <testcase classname="testcases.Insurance_crosswak" name="f_filter" time="0.0">
    <skipped/>
  </testcase> <!-- f_filter -->
  <testcase classname="testcases.Task" name="Allprjtab_viewfilter" time="0.0">
    <skipped/>
  </testcase> <!-- Allprjtab_viewfilter -->
  <testcase classname="testcases.Assigned" name="Assignedtab_viewfilter" time="0.0">
    <skipped/>
  </testcase> <!-- Assignedtab_viewfilter -->
  <testcase classname="testcases.In_Process" name="In_processtab_viewfilter" time="0.0">
    <skipped/>
  </testcase> <!-- In_processtab_viewfilter -->
  <testcase classname="testcases.Pending_projects" name="Pending_assign_Work" time="0.0">
    <skipped/>
  </testcase> <!-- Pending_assign_Work -->
  <testcase classname="testcases.MyQueue" name="Workstatusfilter" time="0.0">
    <skipped/>
  </testcase> <!-- Workstatusfilter -->
  <testcase classname="testcases.Pending_projects" name="pending_assign_btn" time="0.0">
    <skipped/>
  </testcase> <!-- pending_assign_btn -->
  <testcase classname="testcases.login" name="openpriorityfilter" time="0.0">
    <skipped/>
  </testcase> <!-- openpriorityfilter -->
  <testcase classname="testcases.ReleasedTask" name="Project_filter" time="0.0">
    <skipped/>
  </testcase> <!-- Project_filter -->
  <testcase classname="testcases.View_Task" name="Workstatusfilter" time="0.0">
    <skipped/>
  </testcase> <!-- Workstatusfilter -->
  <testcase classname="testcases.Completed" name="Completedtab_viewfilter" time="0.0">
    <skipped/>
  </testcase> <!-- Completedtab_viewfilter -->
  <testcase classname="testcases.Insurance_crosswak" name="g_referral_filter" time="0.0">
    <skipped/>
  </testcase> <!-- g_referral_filter -->
  <testcase classname="testcases.Assigned" name="Assigned_priorityfilter" time="0.0">
    <skipped/>
  </testcase> <!-- Assigned_priorityfilter -->
  <testcase classname="testcases.Completed" name="Completedtab_priorityfilter" time="0.0">
    <skipped/>
  </testcase> <!-- Completedtab_priorityfilter -->
  <testcase classname="testcases.MyProjects" name="Myprojectdetails" time="0.0">
    <skipped/>
  </testcase> <!-- Myprojectdetails -->
  <testcase classname="testcases.Pending_projects" name="Pending_projectdetails" time="0.0">
    <skipped/>
  </testcase> <!-- Pending_projectdetails -->
  <testcase classname="testcases.ReleasedTask" name="Projects_filter" time="0.0">
    <skipped/>
  </testcase> <!-- Projects_filter -->
  <testcase classname="testcases.View_Task" name="Priorityfilter" time="0.0">
    <skipped/>
  </testcase> <!-- Priorityfilter -->
  <testcase classname="testcases.All_Projects" name="Allprjtab_priorityfilter" time="0.0">
    <skipped/>
  </testcase> <!-- Allprjtab_priorityfilter -->
  <testcase classname="testcases.Task" name="selectcompleted_filter" time="0.0">
    <skipped/>
  </testcase> <!-- selectcompleted_filter -->
  <testcase classname="testcases.MyQueue" name="Priorityfilter" time="0.001">
    <skipped/>
  </testcase> <!-- Priorityfilter -->
  <testcase classname="testcases.In_Process" name="In_processtab_priorityfilter" time="0.0">
    <skipped/>
  </testcase> <!-- In_processtab_priorityfilter -->
  <testcase classname="testcases.login" name="openprojectfilter" time="0.0">
    <skipped/>
  </testcase> <!-- openprojectfilter -->
  <testcase classname="testcases.MyProjects" name="Myprojectdetails_view" time="0.0">
    <skipped/>
  </testcase> <!-- Myprojectdetails_view -->
  <testcase classname="testcases.In_Process" name="In_processtab_ownerfilter" time="0.0">
    <skipped/>
  </testcase> <!-- In_processtab_ownerfilter -->
  <testcase classname="testcases.Completed" name="Assignedtab_ownerfilter" time="0.0">
    <skipped/>
  </testcase> <!-- Assignedtab_ownerfilter -->
  <testcase classname="testcases.All_Projects" name="allprojects_ownerfilter" time="0.0">
    <skipped/>
  </testcase> <!-- allprojects_ownerfilter -->
  <testcase classname="testcases.View_Task" name="Insurancefilter" time="0.0">
    <skipped/>
  </testcase> <!-- Insurancefilter -->
  <testcase classname="testcases.Pending_projects" name="Pending_projectdetails_view" time="0.0">
    <skipped/>
  </testcase> <!-- Pending_projectdetails_view -->
  <testcase classname="testcases.MyQueue" name="Insurancefilter" time="0.0">
    <skipped/>
  </testcase> <!-- Insurancefilter -->
  <testcase classname="testcases.ReleasedTask" name="ptcode_search" time="0.0">
    <skipped/>
  </testcase> <!-- ptcode_search -->
  <testcase classname="testcases.Assigned" name="Assignedtab_ownerfilter" time="0.0">
    <skipped/>
  </testcase> <!-- Assignedtab_ownerfilter -->
  <testcase classname="testcases.login" name="openclearbutton" time="0.0">
    <skipped/>
  </testcase> <!-- openclearbutton -->
  <testcase classname="testcases.All_Projects" name="Allprjtab_projectfilter" time="0.0">
    <skipped/>
  </testcase> <!-- Allprjtab_projectfilter -->
  <testcase classname="testcases.Assigned" name="Assignedtab_projectfilter" time="0.0">
    <skipped/>
  </testcase> <!-- Assignedtab_projectfilter -->
  <testcase classname="testcases.In_Process" name="In_processtab_projectfilter" time="0.0">
    <skipped/>
  </testcase> <!-- In_processtab_projectfilter -->
  <testcase classname="testcases.All_Projects" name="Status_projectfilter" time="0.0">
    <skipped/>
  </testcase> <!-- Status_projectfilter -->
  <testcase classname="testcases.MyProjects" name="My_Byproject" time="0.0">
    <skipped/>
  </testcase> <!-- My_Byproject -->
  <testcase classname="testcases.ReleasedTask" name="automateFilters" time="0.0">
    <skipped/>
  </testcase> <!-- automateFilters -->
  <testcase classname="testcases.Completed" name="Completedtab_projectfilter" time="0.0">
    <skipped/>
  </testcase> <!-- Completedtab_projectfilter -->
  <testcase classname="testcases.login" name="openduedaten" time="0.0">
    <skipped/>
  </testcase> <!-- openduedaten -->
  <testcase classname="testcases.All_Projects" name="Allprjtab_Appointmnetfilter" time="0.0">
    <skipped/>
  </testcase> <!-- Allprjtab_Appointmnetfilter -->
  <testcase classname="testcases.MyQueue" name="location_filter" time="0.0">
    <skipped/>
  </testcase> <!-- location_filter -->
  <testcase classname="testcases.Assigned" name="Assigned_Appointmnetfilter" time="0.0">
    <skipped/>
  </testcase> <!-- Assigned_Appointmnetfilter -->
  <testcase classname="testcases.In_Process" name="In_processtab_Appointmnetfilter" time="0.0">
    <skipped/>
  </testcase> <!-- In_processtab_Appointmnetfilter -->
  <testcase classname="testcases.Completed" name="Completedtab_Appointmnetfilter" time="0.0">
    <skipped/>
  </testcase> <!-- Completedtab_Appointmnetfilter -->
  <testcase classname="testcases.View_Task" name="locationdept_filter" time="0.0">
    <skipped/>
  </testcase> <!-- locationdept_filter -->
  <testcase classname="testcases.MyQueue" name="mYqueueprojectfilter" time="0.0">
    <skipped/>
  </testcase> <!-- mYqueueprojectfilter -->
  <testcase classname="testcases.Assigned" name="Assignedtab_Appointmnetfilter" time="0.0">
    <skipped/>
  </testcase> <!-- Assignedtab_Appointmnetfilter -->
  <testcase classname="testcases.Pending_projects" name="Pending_Assign" time="0.0">
    <skipped/>
  </testcase> <!-- Pending_Assign -->
  <testcase classname="testcases.MyProjects" name="My_Byproject_Assign" time="0.0">
    <skipped/>
  </testcase> <!-- My_Byproject_Assign -->
  <testcase classname="testcases.View_Task" name="mYqueueprojectfilter" time="0.0">
    <skipped/>
  </testcase> <!-- mYqueueprojectfilter -->
  <testcase classname="testcases.MyProjects" name="ByPatinet_exporttoexcel" time="0.0">
    <skipped/>
  </testcase> <!-- ByPatinet_exporttoexcel -->
  <testcase classname="testcases.View_Task" name="Status_projectfilter" time="0.0">
    <skipped/>
  </testcase> <!-- Status_projectfilter -->
  <testcase classname="testcases.In_Process" name="In_process_Appointmnetfilter" time="0.0">
    <skipped/>
  </testcase> <!-- In_process_Appointmnetfilter -->
  <testcase classname="testcases.All_Projects" name="alltab_Appointmnetfilter" time="0.0">
    <skipped/>
  </testcase> <!-- alltab_Appointmnetfilter -->
  <testcase classname="testcases.login" name="openapptdate" time="0.0">
    <skipped/>
  </testcase> <!-- openapptdate -->
  <testcase classname="testcases.login" name="importprojectbutton" time="0.0">
    <skipped/>
  </testcase> <!-- importprojectbutton -->
  <testcase classname="testcases.All_Projects" name="Allprjtab_Exporttoexcel" time="0.0">
    <skipped/>
  </testcase> <!-- Allprjtab_Exporttoexcel -->
  <testcase classname="testcases.MyQueue" name="Status_projectfilter" time="0.0">
    <skipped/>
  </testcase> <!-- Status_projectfilter -->
  <testcase classname="testcases.Assigned" name="Assignedtab_Exporttoexcel" time="0.0">
    <skipped/>
  </testcase> <!-- Assignedtab_Exporttoexcel -->
  <testcase classname="testcases.In_Process" name="In_processtab_Exporttoexcel" time="0.0">
    <skipped/>
  </testcase> <!-- In_processtab_Exporttoexcel -->
  <testcase classname="testcases.login" name="openscroll" time="0.0">
    <skipped/>
  </testcase> <!-- openscroll -->
  <testcase classname="testcases.MyQueue" name="upviewfilter" time="0.0">
    <skipped/>
  </testcase> <!-- upviewfilter -->
  <testcase classname="testcases.Task" name="Allprjtab_Exporttoexcel" time="0.0">
    <skipped/>
  </testcase> <!-- Allprjtab_Exporttoexcel -->
  <testcase classname="testcases.View_Task" name="upviewfilter" time="0.0">
    <skipped/>
  </testcase> <!-- upviewfilter -->
  <testcase classname="testcases.All_Projects" name="Allprjtab_projectdeatils" time="0.0">
    <skipped/>
  </testcase> <!-- Allprjtab_projectdeatils -->
  <testcase classname="testcases.Completed" name="completedtab_ExporttoeExcel" time="0.0">
    <skipped/>
  </testcase> <!-- completedtab_ExporttoeExcel -->
  <testcase classname="testcases.Assigned" name="Assignedtab_projectdeatils" time="0.0">
    <skipped/>
  </testcase> <!-- Assignedtab_projectdeatils -->
  <testcase classname="testcases.Completed" name="Completedtab_projectdeatils" time="0.0">
    <skipped/>
  </testcase> <!-- Completedtab_projectdeatils -->
  <testcase classname="testcases.In_Process" name="In_processtab_projectdeatils" time="0.0">
    <skipped/>
  </testcase> <!-- In_processtab_projectdeatils -->
  <testcase classname="testcases.login" name="createprojectbutton" time="0.0">
    <skipped/>
  </testcase> <!-- createprojectbutton -->
  <testcase classname="testcases.Pending_projects" name="PendingProjects_exporttoexcel" time="0.0">
    <skipped/>
  </testcase> <!-- PendingProjects_exporttoexcel -->
  <testcase classname="testcases.View_Task" name="myqueueExporttoexcel" time="0.0">
    <skipped/>
  </testcase> <!-- myqueueExporttoexcel -->
  <testcase classname="testcases.All_Projects" name="Allprjtab_scrollbar" time="0.0">
    <skipped/>
  </testcase> <!-- Allprjtab_scrollbar -->
  <testcase classname="testcases.Task" name="Allprjtab_scrollbar" time="0.0">
    <skipped/>
  </testcase> <!-- Allprjtab_scrollbar -->
  <testcase classname="testcases.MyQueue" name="myqueueExporttoexcel" time="0.0">
    <skipped/>
  </testcase> <!-- myqueueExporttoexcel -->
  <testcase classname="testcases.MyQueue" name="Myqueueprjtab_projectdeatils" time="0.001">
    <skipped/>
  </testcase> <!-- Myqueueprjtab_projectdeatils -->
  <testcase classname="testcases.Completed" name="completedtab_scrollbar" time="0.0">
    <skipped/>
  </testcase> <!-- completedtab_scrollbar -->
  <testcase classname="testcases.login" name="createprojectclient" time="0.0">
    <skipped/>
  </testcase> <!-- createprojectclient -->
  <testcase classname="testcases.MyQueue" name="APPTdetails_view" time="0.0">
    <skipped/>
  </testcase> <!-- APPTdetails_view -->
  <testcase classname="testcases.In_Process" name="In_processtab_scrollbar" time="0.0">
    <skipped/>
  </testcase> <!-- In_processtab_scrollbar -->
  <testcase classname="testcases.View_Task" name="Myprojectdetails_view" time="0.0">
    <skipped/>
  </testcase> <!-- Myprojectdetails_view -->
  <testcase classname="testcases.View_Task" name="View_projectdeatils" time="0.0">
    <skipped/>
  </testcase> <!-- View_projectdeatils -->
  <testcase classname="testcases.login" name="createprojectsavebtn" time="0.0">
    <skipped/>
  </testcase> <!-- createprojectsavebtn -->
  <testcase classname="testcases.login" name="createprojectapptdate" time="0.0">
    <skipped/>
  </testcase> <!-- createprojectapptdate -->
  <testcase classname="testcases.MyQueue" name="myqueueprjtab_scrollbar" time="0.0">
    <skipped/>
  </testcase> <!-- myqueueprjtab_scrollbar -->
  <testcase classname="testcases.login" name="openexporttoexcel" time="0.0">
    <skipped/>
  </testcase> <!-- openexporttoexcel -->
  <testcase classname="testcases.MyQueue" name="closeworkaction" time="0.001">
    <skipped/>
  </testcase> <!-- closeworkaction -->
  <testcase classname="testcases.login" name="openselectgridproject" time="0.0">
    <skipped/>
  </testcase> <!-- openselectgridproject -->
  <testcase classname="testcases.login" name="openInstructions" time="0.0">
    <skipped/>
  </testcase> <!-- openInstructions -->
  <testcase classname="testcases.login" name="open_voidbtn" time="0.0">
    <skipped/>
  </testcase> <!-- open_voidbtn -->
  <testcase classname="testcases.login" name="open_addvoidcomment" time="0.0">
    <skipped/>
  </testcase> <!-- open_addvoidcomment -->
  <testcase classname="testcases.View_Task" name="view_scrollbar" time="0.0">
    <skipped/>
  </testcase> <!-- view_scrollbar -->
  <testcase classname="testcases.login" name="open_projectdeatils" time="0.0">
    <skipped/>
  </testcase> <!-- open_projectdeatils -->
  <testcase classname="testcases.login" name="Assignedtab_Appointmnetfilter" time="0.0">
    <ignored/>
  </testcase> <!-- Assignedtab_Appointmnetfilter -->
  <testcase classname="testcases.ReleasedTask" name="Pendingtab" time="0.0">
    <ignored/>
  </testcase> <!-- Pendingtab -->
  <testcase classname="testcases.login" name="Assignedtab_priorityfilter" time="0.0">
    <ignored/>
  </testcase> <!-- Assignedtab_priorityfilter -->
  <testcase classname="testcases.login" name="inprocesstab_duedate" time="0.0">
    <ignored/>
  </testcase> <!-- inprocesstab_duedate -->
  <testcase classname="testcases.ReleasedTask" name="accessProjectsfromreleased" time="0.0">
    <ignored/>
  </testcase> <!-- accessProjectsfromreleased -->
  <testcase classname="testcases.login" name="importprojectbtn" time="0.0">
    <ignored/>
  </testcase> <!-- importprojectbtn -->
  <testcase classname="testcases.ReleasedTask" name="Pending_projectdetails_view" time="0.0">
    <ignored/>
  </testcase> <!-- Pending_projectdetails_view -->
  <testcase classname="testcases.login" name="inprocesstab" time="0.0">
    <ignored/>
  </testcase> <!-- inprocesstab -->
  <testcase classname="testcases.MyQueue" name="Allprjtab" time="0.0">
    <ignored/>
  </testcase> <!-- Allprjtab -->
  <testcase classname="testcases.login" name="inprocess_viewfilter" time="0.0">
    <ignored/>
  </testcase> <!-- inprocess_viewfilter -->
  <testcase classname="testcases.login" name="inprocesstab_owner" time="0.0">
    <ignored/>
  </testcase> <!-- inprocesstab_owner -->
  <testcase classname="testcases.MyQueue" name="WorkAllButtonclick" time="0.0">
    <ignored/>
  </testcase> <!-- WorkAllButtonclick -->
  <testcase classname="testcases.login" name="Assignedtab_scrollbar" time="0.0">
    <ignored/>
  </testcase> <!-- Assignedtab_scrollbar -->
  <testcase classname="testcases.login" name="inprocesstab_projectfilter" time="0.0">
    <ignored/>
  </testcase> <!-- inprocesstab_projectfilter -->
  <testcase classname="testcases.ReleasedTask" name="Pending_patientdetails" time="0.0">
    <ignored/>
  </testcase> <!-- Pending_patientdetails -->
  <testcase classname="testcases.login" name="Assignedtab_projectdeatils" time="0.0">
    <ignored/>
  </testcase> <!-- Assignedtab_projectdeatils -->
  <testcase classname="testcases.login" name="Assignedtab_projectfilter" time="0.0">
    <ignored/>
  </testcase> <!-- Assignedtab_projectfilter -->
  <testcase classname="testcases.login" name="Assignedtab_viewfilter" time="0.0">
    <ignored/>
  </testcase> <!-- Assignedtab_viewfilter -->
  <testcase classname="testcases.login" name="inprocesstab_viewfilter" time="0.0">
    <ignored/>
  </testcase> <!-- inprocesstab_viewfilter -->
  <testcase classname="testcases.login" name="importprojectclosepopup" time="0.0">
    <ignored/>
  </testcase> <!-- importprojectclosepopup -->
  <testcase classname="testcases.View_Task" name="Prcaticefilter" time="0.0">
    <ignored/>
  </testcase> <!-- Prcaticefilter -->
  <testcase classname="testcases.login" name="Assignedtab_ownerfilter" time="0.0">
    <ignored/>
  </testcase> <!-- Assignedtab_ownerfilter -->
  <testcase classname="testcases.login" name="Assignedtab" time="0.0">
    <ignored/>
  </testcase> <!-- Assignedtab -->
  <testcase classname="testcases.login" name="openAssignproject" time="0.0">
    <ignored/>
  </testcase> <!-- openAssignproject -->
  <testcase classname="testcases.Task" name="Allprjtab_projectdeatils" time="0.0">
    <ignored/>
  </testcase> <!-- Allprjtab_projectdeatils -->
  <testcase classname="testcases.login" name="myprojecttab" time="0.0">
    <ignored/>
  </testcase> <!-- myprojecttab -->
  <testcase classname="testcases.login" name="inprocesstab_Appointmnet" time="0.0">
    <ignored/>
  </testcase> <!-- inprocesstab_Appointmnet -->
  <testcase classname="testcases.login" name="createprojectclosebtn" time="0.0">
    <ignored/>
  </testcase> <!-- createprojectclosebtn -->
  <testcase classname="testcases.ReleasedTask" name="accessProjectsfromreleased1" time="0.0">
    <ignored/>
  </testcase> <!-- accessProjectsfromreleased1 -->
  <testcase classname="testcases.login" name="inprocesstab_projectdeatils" time="0.0">
    <ignored/>
  </testcase> <!-- inprocesstab_projectdeatils -->
  <testcase classname="testcases.login" name="Assignedtab_duedatefilter" time="0.0">
    <ignored/>
  </testcase> <!-- Assignedtab_duedatefilter -->
  <testcase classname="testcases.login" name="inprocesstab_scrollbar" time="0.0">
    <ignored/>
  </testcase> <!-- inprocesstab_scrollbar -->
  <testcase classname="testcases.login" name="open_workitemspages" time="0.0">
    <ignored/>
  </testcase> <!-- open_workitemspages -->
  <testcase classname="testcases.MyProjects" name="assign_Work" time="0.0">
    <ignored/>
  </testcase> <!-- assign_Work -->
  <testcase classname="testcases.Assigned" name="Assignedtab_scrollbar" time="0.0">
    <ignored/>
  </testcase> <!-- Assignedtab_scrollbar -->
  <testcase classname="testcases.login" name="selectfiletoimportbtn" time="0.0">
    <ignored/>
  </testcase> <!-- selectfiletoimportbtn -->
  <testcase classname="testcases.All_Projects" name="Allprjtab123" time="0.0">
    <ignored/>
  </testcase> <!-- Allprjtab123 -->
  <testcase classname="testcases.ReleasedTask" name="Relesaed_Record" time="0.0">
    <ignored/>
  </testcase> <!-- Relesaed_Record -->
  <testcase classname="testcases.MyQueue" name="checkboxButtonclick" time="0.0">
    <ignored/>
  </testcase> <!-- checkboxButtonclick -->
</testsuite> <!-- Test -->
