<?xml version="1.0" encoding="UTF-8"?>
<!-- Generated by org.testng.reporters.JUnitXMLReporter -->
<testsuite ignored="25" hostname="INISKDQA4" failures="0" tests="23" name="Default test" time="1.333" errors="0" timestamp="2024-06-14T14:00:47 IST">
  <testcase classname="testcases.login" name="@BeforeClass setup" time="1.226">
    <failure type="io.github.bonigarcia.wdm.config.WebDriverManagerException" message="java.lang.NumberFormatException: For input string: &amp;quot;public&amp;quot;">
      <![CDATA[io.github.bonigarcia.wdm.config.WebDriverManagerException: java.lang.NumberFormatException: For input string: "public"
at io.github.bonigarcia.wdm.WebDriverManager.handleException(WebDriverManager.java:1435)
at io.github.bonigarcia.wdm.WebDriverManager.manage(WebDriverManager.java:1195)
at io.github.bonigarcia.wdm.WebDriverManager.fallback(WebDriverManager.java:1451)
at io.github.bonigarcia.wdm.WebDriverManager.handleException(WebDriverManager.java:1432)
at io.github.bonigarcia.wdm.WebDriverManager.manage(WebDriverManager.java:1195)
at io.github.bonigarcia.wdm.WebDriverManager.handleException(WebDriverManager.java:1425)
at io.github.bonigarcia.wdm.WebDriverManager.manage(WebDriverManager.java:1195)
at io.github.bonigarcia.wdm.WebDriverManager.setup(WebDriverManager.java:427)
at testcases.login.setup(login.java:23)
at java.base/jdk.internal.reflect.DirectMethodHandleAccessor.invoke(DirectMethodHandleAccessor.java:104)
at java.base/java.lang.reflect.Method.invoke(Method.java:578)
at org.testng.internal.invokers.MethodInvocationHelper.invokeMethod(MethodInvocationHelper.java:139)
at org.testng.internal.invokers.MethodInvocationHelper.invokeMethodConsideringTimeout(MethodInvocationHelper.java:69)
at org.testng.internal.invokers.ConfigInvoker.invokeConfigurationMethod(ConfigInvoker.java:390)
at org.testng.internal.invokers.ConfigInvoker.invokeConfigurations(ConfigInvoker.java:325)
at org.testng.internal.invokers.TestMethodWorker.invokeBeforeClassMethods(TestMethodWorker.java:180)
at org.testng.internal.invokers.TestMethodWorker.run(TestMethodWorker.java:122)
at java.base/java.util.ArrayList.forEach(ArrayList.java:1511)
at org.testng.TestRunner.privateRun(TestRunner.java:848)
at org.testng.TestRunner.run(TestRunner.java:621)
at org.testng.SuiteRunner.runTest(SuiteRunner.java:443)
at org.testng.SuiteRunner.runSequentially(SuiteRunner.java:437)
at org.testng.SuiteRunner.privateRun(SuiteRunner.java:397)
at org.testng.SuiteRunner.run(SuiteRunner.java:336)
at org.testng.SuiteRunnerWorker.runSuite(SuiteRunnerWorker.java:52)
at org.testng.SuiteRunnerWorker.run(SuiteRunnerWorker.java:95)
at org.testng.TestNG.runSuitesSequentially(TestNG.java:1280)
at org.testng.TestNG.runSuitesLocally(TestNG.java:1200)
at org.testng.TestNG.runSuites(TestNG.java:1114)
at org.testng.TestNG.run(TestNG.java:1082)
at org.testng.remote.AbstractRemoteTestNG.run(AbstractRemoteTestNG.java:115)
at org.testng.remote.RemoteTestNG.initAndRun(RemoteTestNG.java:251)
at org.testng.remote.RemoteTestNG.main(RemoteTestNG.java:77)
Caused by: java.lang.NumberFormatException: For input string: "public"
at java.base/java.lang.NumberFormatException.forInputString(NumberFormatException.java:67)
at java.base/java.lang.Integer.parseInt(Integer.java:665)
at java.base/java.lang.Integer.parseInt(Integer.java:781)
at io.github.bonigarcia.wdm.managers.ChromeDriverManager.buildUrl(ChromeDriverManager.java:178)
at io.github.bonigarcia.wdm.managers.ChromeDriverManager.buildUrl(ChromeDriverManager.java:155)
at io.github.bonigarcia.wdm.WebDriverManager.download(WebDriverManager.java:1272)
at io.github.bonigarcia.wdm.WebDriverManager.manage(WebDriverManager.java:1189)
... 31 more
]]>
    </failure>
  </testcase> <!-- @BeforeClass setup -->
  <testcase classname="testcases.login" name="@AfterClass teardown" time="0.0">
    <skipped/>
  </testcase> <!-- @AfterClass teardown -->
  <testcase classname="testcases.login" name="mylogin" time="0.0">
    <skipped/>
  </testcase> <!-- mylogin -->
  <testcase classname="testcases.login" name="access" time="0.0">
    <skipped/>
  </testcase> <!-- access -->
  <testcase classname="testcases.login" name="dashboard" time="0.0">
    <skipped/>
  </testcase> <!-- dashboard -->
  <testcase classname="testcases.login" name="scrollbardashboar" time="0.0">
    <skipped/>
  </testcase> <!-- scrollbardashboar -->
  <testcase classname="testcases.login" name="accessProjects" time="0.0">
    <skipped/>
  </testcase> <!-- accessProjects -->
  <testcase classname="testcases.login" name="openviewfilter" time="0.0">
    <skipped/>
  </testcase> <!-- openviewfilter -->
  <testcase classname="testcases.login" name="openpriorityfilter" time="0.0">
    <skipped/>
  </testcase> <!-- openpriorityfilter -->
  <testcase classname="testcases.login" name="openprojectfilter" time="0.0">
    <skipped/>
  </testcase> <!-- openprojectfilter -->
  <testcase classname="testcases.login" name="openclearbutton" time="0.0">
    <skipped/>
  </testcase> <!-- openclearbutton -->
  <testcase classname="testcases.login" name="openduedaten" time="0.0">
    <skipped/>
  </testcase> <!-- openduedaten -->
  <testcase classname="testcases.login" name="openapptdate" time="0.0">
    <skipped/>
  </testcase> <!-- openapptdate -->
  <testcase classname="testcases.login" name="importprojectbutton" time="0.0">
    <skipped/>
  </testcase> <!-- importprojectbutton -->
  <testcase classname="testcases.login" name="openscroll" time="0.0">
    <skipped/>
  </testcase> <!-- openscroll -->
  <testcase classname="testcases.login" name="createprojectbutton" time="0.0">
    <skipped/>
  </testcase> <!-- createprojectbutton -->
  <testcase classname="testcases.login" name="createprojectclient" time="0.0">
    <skipped/>
  </testcase> <!-- createprojectclient -->
  <testcase classname="testcases.login" name="createprojectapptdate" time="0.0">
    <skipped/>
  </testcase> <!-- createprojectapptdate -->
  <testcase classname="testcases.login" name="createprojectsavebtn" time="0.0">
    <skipped/>
  </testcase> <!-- createprojectsavebtn -->
  <testcase classname="testcases.login" name="openexporttoexcel" time="0.0">
    <skipped/>
  </testcase> <!-- openexporttoexcel -->
  <testcase classname="testcases.login" name="openselectgridproject" time="0.0">
    <skipped/>
  </testcase> <!-- openselectgridproject -->
  <testcase classname="testcases.login" name="openInstructions" time="0.0">
    <skipped/>
  </testcase> <!-- openInstructions -->
  <testcase classname="testcases.login" name="open_voidbtn" time="0.0">
    <skipped/>
  </testcase> <!-- open_voidbtn -->
  <testcase classname="testcases.login" name="open_addvoidcomment" time="0.0">
    <skipped/>
  </testcase> <!-- open_addvoidcomment -->
  <testcase classname="testcases.login" name="open_projectdeatils" time="0.0">
    <skipped/>
  </testcase> <!-- open_projectdeatils -->
  <testcase classname="testcases.login" name="inprocesstab_projectfilter" time="0.0">
    <ignored/>
  </testcase> <!-- inprocesstab_projectfilter -->
  <testcase classname="testcases.login" name="openAssignproject" time="0.0">
    <ignored/>
  </testcase> <!-- openAssignproject -->
  <testcase classname="testcases.login" name="createprojectclosebtn" time="0.0">
    <ignored/>
  </testcase> <!-- createprojectclosebtn -->
  <testcase classname="testcases.login" name="inprocesstab_owner" time="0.0">
    <ignored/>
  </testcase> <!-- inprocesstab_owner -->
  <testcase classname="testcases.login" name="Assignedtab" time="0.0">
    <ignored/>
  </testcase> <!-- Assignedtab -->
  <testcase classname="testcases.login" name="Assignedtab_viewfilter" time="0.0">
    <ignored/>
  </testcase> <!-- Assignedtab_viewfilter -->
  <testcase classname="testcases.login" name="inprocesstab_Appointmnet" time="0.0">
    <ignored/>
  </testcase> <!-- inprocesstab_Appointmnet -->
  <testcase classname="testcases.login" name="inprocess_viewfilter" time="0.0">
    <ignored/>
  </testcase> <!-- inprocess_viewfilter -->
  <testcase classname="testcases.login" name="inprocesstab_viewfilter" time="0.0">
    <ignored/>
  </testcase> <!-- inprocesstab_viewfilter -->
  <testcase classname="testcases.login" name="inprocesstab_duedate" time="0.0">
    <ignored/>
  </testcase> <!-- inprocesstab_duedate -->
  <testcase classname="testcases.login" name="Assignedtab_ownerfilter" time="0.0">
    <ignored/>
  </testcase> <!-- Assignedtab_ownerfilter -->
  <testcase classname="testcases.login" name="importprojectbtn" time="0.0">
    <ignored/>
  </testcase> <!-- importprojectbtn -->
  <testcase classname="testcases.login" name="Assignedtab_projectfilter" time="0.0">
    <ignored/>
  </testcase> <!-- Assignedtab_projectfilter -->
  <testcase classname="testcases.login" name="Assignedtab_projectdeatils" time="0.0">
    <ignored/>
  </testcase> <!-- Assignedtab_projectdeatils -->
  <testcase classname="testcases.login" name="Assignedtab_Appointmnetfilter" time="0.0">
    <ignored/>
  </testcase> <!-- Assignedtab_Appointmnetfilter -->
  <testcase classname="testcases.login" name="importprojectclosepopup" time="0.0">
    <ignored/>
  </testcase> <!-- importprojectclosepopup -->
  <testcase classname="testcases.login" name="inprocesstab" time="0.0">
    <ignored/>
  </testcase> <!-- inprocesstab -->
  <testcase classname="testcases.login" name="Assignedtab_scrollbar" time="0.0">
    <ignored/>
  </testcase> <!-- Assignedtab_scrollbar -->
  <testcase classname="testcases.login" name="Assignedtab_priorityfilter" time="0.0">
    <ignored/>
  </testcase> <!-- Assignedtab_priorityfilter -->
  <testcase classname="testcases.login" name="open_workitemspages" time="0.0">
    <ignored/>
  </testcase> <!-- open_workitemspages -->
  <testcase classname="testcases.login" name="inprocesstab_scrollbar" time="0.0">
    <ignored/>
  </testcase> <!-- inprocesstab_scrollbar -->
  <testcase classname="testcases.login" name="selectfiletoimportbtn" time="0.0">
    <ignored/>
  </testcase> <!-- selectfiletoimportbtn -->
  <testcase classname="testcases.login" name="Assignedtab_duedatefilter" time="0.0">
    <ignored/>
  </testcase> <!-- Assignedtab_duedatefilter -->
  <testcase classname="testcases.login" name="myprojecttab" time="0.0">
    <ignored/>
  </testcase> <!-- myprojecttab -->
  <testcase classname="testcases.login" name="inprocesstab_projectdeatils" time="0.0">
    <ignored/>
  </testcase> <!-- inprocesstab_projectdeatils -->
</testsuite> <!-- Default test -->
